<?xml version="1.0" encoding="UTF-8"?>
<!-- Generated by org.testng.reporters.JUnitReportReporter -->
<testsuite hostname="HP" failures="0" tests="1" name="com.actitime.testscripts.CustomerModule" time="0.038" errors="0" timestamp="2022-05-10T11:24:00 IST" skipped="0">
  <testcase classname="com.actitime.testscripts.CustomerModule" name="testCreateModule" time="0.038"/>
  <system-out>
    <![CDATA[Create module]]>
  </system-out>
</testsuite> <!-- com.actitime.testscripts.CustomerModule -->
